<?xml version="1.0" encoding="UTF-8"?>
<testng-results ignored="1" total="4" passed="3" failed="0" skipped="0">
  <reporter-output>
  </reporter-output>
  <suite started-at="2024-02-06T15:58:50 IST" name="Suite1" finished-at="2024-02-06T15:58:50 IST" duration-ms="41">
    <groups>
    </groups>
    <test started-at="2024-02-06T15:58:50 IST" name="Test1" finished-at="2024-02-06T15:58:50 IST" duration-ms="41">
      <class name="MainTest">
        <test-method signature="FirstTest()[pri:0, instance:MainTest@1d7acb34]" started-at="2024-02-06T15:58:50 IST" name="FirstTest" finished-at="2024-02-06T15:58:50 IST" duration-ms="2" status="PASS">
          <reporter-output>
          </reporter-output>
        </test-method> <!-- FirstTest -->
        <test-method signature="SecondTest()[pri:0, instance:MainTest@1d7acb34]" started-at="2024-02-06T15:58:50 IST" name="SecondTest" finished-at="2024-02-06T15:58:50 IST" duration-ms="1" status="PASS">
          <reporter-output>
          </reporter-output>
        </test-method> <!-- SecondTest -->
      </class> <!-- MainTest -->
      <class name="SecondTests">
        <test-method signature="TestFromSecondFile()[pri:0, instance:SecondTests@de3a06f]" started-at="2024-02-06T15:58:50 IST" name="TestFromSecondFile" finished-at="2024-02-06T15:58:50 IST" duration-ms="0" status="PASS">
          <reporter-output>
          </reporter-output>
        </test-method> <!-- TestFromSecondFile -->
      </class> <!-- SecondTests -->
    </test> <!-- Test1 -->
  </suite> <!-- Suite1 -->
</testng-results>
