<?xml version="1.0" encoding="UTF-8"?>
<!-- Generated by org.testng.reporters.JUnitXMLReporter -->
<testsuite ignored="1" hostname="Sahils-MacBook-Air.local" failures="0" tests="3" name="Test1" time="0.041" errors="0" timestamp="2024-02-06T15:58:50 IST">
  <testcase classname="MainTest" name="FirstTest" time="0.002"/>
  <testcase classname="MainTest" name="SecondTest" time="0.001"/>
  <testcase classname="SecondTests" name="TestFromSecondFile" time="0.0"/>
  <testcase classname="MainTest" name="ThirdTest" time="0.0">
    <ignored/>
  </testcase> <!-- ThirdTest -->
</testsuite> <!-- Test1 -->
